INFO:root:BMW X5 нуждается в ТО.
INFO:root:BMW X5 имеет поломки: Износ тормозных колодок, Утечка масла
INFO:root:Следующая дата ТО для BMW X5 это 2024-01-01.
INFO:root:Toyota Camry нуждается в ТО.
INFO:root:Toyota Camry не имеет поломок.
INFO:root:Следующая дата ТО для Toyota Camry это 2024-05-14.
INFO:root:BMW X5 нуждается в ТО.
INFO:root:BMW X5 имеет поломки: Износ тормозных колодок, Утечка масла
INFO:root:Следующая дата ТО для BMW X5 это 2024-01-01.
INFO:root:Toyota Camry нуждается в ТО.
INFO:root:Toyota Camry не имеет поломок.
INFO:root:Следующая дата ТО для Toyota Camry это 2024-05-14.
INFO:root:BMW X5 нуждается в ТО.
INFO:root:BMW X5 имеет поломки: Износ тормозных колодок, Утечка масла
INFO:root:Следующая дата ТО для BMW X5 это 2024-01-01.
INFO:root:Toyota Camry нуждается в ТО.
INFO:root:Toyota Camry не имеет поломок.
INFO:root:Следующая дата ТО для Toyota Camry это 2024-05-14.
INFO:root:BMW X5 нуждается в ТО.
INFO:root:BMW X5 имеет поломки: Износ тормозных колодок, Утечка масла
INFO:root:Следующая дата ТО для BMW X5 это 2024-01-01.
INFO:root:Toyota Camry нуждается в ТО.
INFO:root:Toyota Camry не имеет поломок.
INFO:root:Следующая дата ТО для Toyota Camry это 2024-05-14.
INFO:root:BMW X5 нуждается в ТО.
INFO:root:BMW X5 имеет поломки: Износ тормозных колодок, Утечка масла
INFO:root:Следующая дата ТО для BMW X5 это 2024-01-01.
INFO:root:Toyota Camry нуждается в ТО.
INFO:root:Toyota Camry не имеет поломок.
INFO:root:Следующая дата ТО для Toyota Camry это 2024-05-14.
INFO:root:BMW X5 нуждается в ТО.
INFO:root:BMW X5 имеет поломки: Износ тормозных колодок, Утечка масла
INFO:root:Следующая дата ТО для BMW X5 это 2024-01-01.
INFO:root:Toyota Camry нуждается в ТО.
INFO:root:Toyota Camry не имеет поломок.
INFO:root:Следующая дата ТО для Toyota Camry это 2024-05-14.
