Тест работы с API: Имитация запросов к API прошла успешно.
Тест аутентификации: Вход прошёл успешно.
Тест аутентификации: Выход прошёл успешно.
Watching for file changes with StatReloader
"GET / HTTP/1.1" 302 0
"GET /aircrafts/ HTTP/1.1" 200 7825652
D:\_ITMO\Python-Расширенные возможности\зачет\sky\tracker\views.py changed, reloading.
Watching for file changes with StatReloader
D:\_ITMO\Python-Расширенные возможности\зачет\sky\tracker\views.py changed, reloading.
Watching for file changes with StatReloader
"POST /aircrafts/801638/favorite/ HTTP/1.1" 302 0
"POST /aircrafts/e8027d/favorite/ HTTP/1.1" 302 0
"POST /aircrafts/ac96b8/favorite/ HTTP/1.1" 302 0
- Broken pipe from ('127.0.0.1', 54928)
"POST /aircrafts/e49406/favorite/ HTTP/1.1" 302 0
- Broken pipe from ('127.0.0.1', 54929)
- Broken pipe from ('127.0.0.1', 54933)
- Broken pipe from ('127.0.0.1', 54938)
"GET /aircrafts/ HTTP/1.1" 200 7998249
Watching for file changes with StatReloader
"GET / HTTP/1.1" 302 0
"GET /aircrafts/ HTTP/1.1" 200 8206784
Watching for file changes with StatReloader
"GET / HTTP/1.1" 302 0
"GET /aircrafts/ HTTP/1.1" 200 8304230
"GET /aircrafts/ HTTP/1.1" 200 8141867
"GET /aircrafts/ HTTP/1.1" 200 8113027
"GET /static/css/styles.css HTTP/1.1" 200 4125
Not Found: /favicon.ico
"GET /favicon.ico HTTP/1.1" 404 4097
Not Found: /favicon.ico
"GET /favicon.ico HTTP/1.1" 404 4097
D:\_ITMO\Python-Расширенные возможности\зачет\sky\tracker\views.py changed, reloading.
Watching for file changes with StatReloader
"GET /aircrafts/ HTTP/1.1" 200 7314962
"GET /aircrafts/ HTTP/1.1" 200 8618511
"GET /aircrafts/ HTTP/1.1" 200 8621393
"GET /static/css/styles.css HTTP/1.1" 200 4125
Not Found: /favicon.ico
"GET /favicon.ico HTTP/1.1" 404 4097
"GET /aircrafts/ HTTP/1.1" 200 8607008
"GET /static/css/styles.css HTTP/1.1" 200 4125
Not Found: /favicon.ico
"GET /favicon.ico HTTP/1.1" 404 4097
"POST /aircrafts/4b1818/favorite/ HTTP/1.1" 302 0
"GET /aircrafts/ HTTP/1.1" 200 8599328
"POST /aircrafts/4b1818/favorite/ HTTP/1.1" 302 0
"GET /aircrafts/ HTTP/1.1" 200 8580068
D:\_ITMO\Python-Расширенные возможности\зачет\sky\tracker\urls.py changed, reloading.
Watching for file changes with StatReloader
D:\_ITMO\Python-Расширенные возможности\зачет\sky\tracker\urls.py changed, reloading.
Watching for file changes with StatReloader
D:\_ITMO\Python-Расширенные возможности\зачет\sky\tracker\views.py changed, reloading.
Watching for file changes with StatReloader
D:\_ITMO\Python-Расширенные возможности\зачет\sky\tracker\views.py changed, reloading.
Watching for file changes with StatReloader
D:\_ITMO\Python-Расширенные возможности\зачет\sky\tracker\views.py changed, reloading.
Watching for file changes with StatReloader
Watching for file changes with StatReloader
D:\_ITMO\Python-Расширенные возможности\зачет\sky\tracker\views.py changed, reloading.
Watching for file changes with StatReloader
"GET / HTTP/1.1" 302 0
"GET /aircrafts/ HTTP/1.1" 200 9010741
"POST /aircrafts/4b1818/favorite/ HTTP/1.1" 302 0
"GET /aircrafts/ HTTP/1.1" 200 9010828
"POST /aircrafts/4b1806/favorite/ HTTP/1.1" 302 0
"GET /aircrafts/ HTTP/1.1" 200 9035923
D:\_ITMO\Python-Расширенные возможности\зачет\sky\tracker\views.py changed, reloading.
Watching for file changes with StatReloader
D:\_ITMO\Python-Расширенные возможности\зачет\sky\tracker\urls.py changed, reloading.
Watching for file changes with StatReloader
D:\_ITMO\Python-Расширенные возможности\зачет\sky\tracker\urls.py changed, reloading.
Watching for file changes with StatReloader
"GET / HTTP/1.1" 302 0
"GET /aircrafts/ HTTP/1.1" 200 6814724
"POST /aircrafts/7c6b37/favorite/ HTTP/1.1" 302 0
"GET /aircrafts/ HTTP/1.1" 200 7916175
"POST /aircrafts/ac96b8/favorite/ HTTP/1.1" 302 0
"GET /aircrafts/ HTTP/1.1" 200 9095885
"GET /aircrafts/ HTTP/1.1" 200 9270745
D:\_ITMO\Python-Расширенные возможности\зачет\sky\tracker\urls.py changed, reloading.
Watching for file changes with StatReloader
"GET / HTTP/1.1" 302 0
"GET /aircrafts/ HTTP/1.1" 200 8606555
"GET /aircrafts/ HTTP/1.1" 200 8656084
"GET /aircrafts/ HTTP/1.1" 200 8646271
D:\_ITMO\Python-Расширенные возможности\зачет\sky\tracker\views.py changed, reloading.
Watching for file changes with StatReloader
"GET / HTTP/1.1" 302 0
"GET /aircrafts/ HTTP/1.1" 200 8693055
"GET /aircrafts/ HTTP/1.1" 200 1095
"GET /static/css/styles.css HTTP/1.1" 200 1179
Not Found: /favicon.ico
"GET /favicon.ico HTTP/1.1" 404 4099
"GET /aircrafts/ HTTP/1.1" 200 9489272
"GET /static/css/styles.css HTTP/1.1" 200 1179
Not Found: /favicon.ico
"GET /favicon.ico HTTP/1.1" 404 4099
"POST /aircrafts/e4944e/favorite/ HTTP/1.1" 302 0
"GET /aircrafts/ HTTP/1.1" 200 9509155
"POST /aircrafts/e49406/favorite/ HTTP/1.1" 302 0
"GET /aircrafts/ HTTP/1.1" 200 9521747
"GET /aircrafts/ HTTP/1.1" 200 9402794
"GET /static/css/styles.css HTTP/1.1" 304 0
"GET /aircrafts/ HTTP/1.1" 200 9402075
"POST /aircrafts/4b1816/favorite/ HTTP/1.1" 302 0
"GET /aircrafts/ HTTP/1.1" 200 9410116
"POST /aircrafts/4b1818/favorite/ HTTP/1.1" 302 0
"GET /aircrafts/ HTTP/1.1" 200 9435893
Watching for file changes with StatReloader
"GET / HTTP/1.1" 302 0
"GET /aircrafts/ HTTP/1.1" 200 9526715
"GET /static/css/styles.css HTTP/1.1" 304 0
"POST /aircrafts/4b1816/favorite/ HTTP/1.1" 302 0
"GET /aircrafts/ HTTP/1.1" 200 9516162
"POST /aircrafts/ad4f1c/favorite/ HTTP/1.1" 302 0
"GET /aircrafts/ HTTP/1.1" 200 9503658
"POST /aircrafts/4b1816/favorite/ HTTP/1.1" 302 0
"GET /aircrafts/ HTTP/1.1" 200 9509129
"POST /aircrafts/ad4f1c/favorite/ HTTP/1.1" 302 0
"GET /aircrafts/ HTTP/1.1" 200 9517822
"GET /aircrafts/ HTTP/1.1" 200 9549897
Watching for file changes with StatReloader
"GET / HTTP/1.1" 302 0
"GET /aircrafts/ HTTP/1.1" 200 9639588
"GET /aircrafts/ HTTP/1.1" 200 9689460
"GET /static/css/styles.css HTTP/1.1" 200 1893
"GET /static/css/styles.css HTTP/1.1" 304 0
- Broken pipe from ('127.0.0.1', 59540)
"GET / HTTP/1.1" 302 0
"GET /aircrafts/ HTTP/1.1" 200 9803588
Not Found: /favicon.ico
"GET /favicon.ico HTTP/1.1" 404 4099
D:\_ITMO\Python-Расширенные возможности\зачет\sky\aircraft_tracker\settings.py changed, reloading.
Watching for file changes with StatReloader
D:\_ITMO\Python-Расширенные возможности\зачет\sky\aircraft_tracker\settings.py changed, reloading.
Watching for file changes with StatReloader
"GET / HTTP/1.1" 302 0
"GET /aircrafts/ HTTP/1.1" 200 9864804
"GET /static/css/styles.css HTTP/1.1" 304 0
"GET /aircrafts/ HTTP/1.1" 200 9889737
"GET /static/css/styles.css HTTP/1.1" 200 1893
Not Found: /favicon.ico
"GET /favicon.ico HTTP/1.1" 404 4099
Watching for file changes with StatReloader
"GET / HTTP/1.1" 302 0
"GET /aircrafts/ HTTP/1.1" 200 9903069
"GET /static/css/styles.css HTTP/1.1" 200 1893
"GET /static/css/styles.css HTTP/1.1" 304 0
Watching for file changes with StatReloader
"GET / HTTP/1.1" 302 0
"GET /aircrafts/ HTTP/1.1" 200 9956761
"GET /static/css/styles.css HTTP/1.1" 304 0
Not Found: /favicon.ico
"GET /favicon.ico HTTP/1.1" 404 4099
"GET /aircrafts/ HTTP/1.1" 200 10013299
"GET /static/css/styles.css HTTP/1.1" 404 1801
Not Found: /favicon.ico
"GET /favicon.ico HTTP/1.1" 404 4099
"GET /aircrafts/ HTTP/1.1" 200 10031327
"GET /static/css/styles.css HTTP/1.1" 404 1801
Not Found: /favicon.ico
"GET /favicon.ico HTTP/1.1" 404 4099
"GET /aircrafts/ HTTP/1.1" 200 10064263
"GET /static/css/styles.css HTTP/1.1" 200 4125
Not Found: /favicon.ico
"GET /favicon.ico HTTP/1.1" 404 4099
"POST /logout/ HTTP/1.1" 302 0
"GET /login/ HTTP/1.1" 200 2064
"GET /register/ HTTP/1.1" 200 2082
"GET /register/ HTTP/1.1" 200 2082
"POST /login/ HTTP/1.1" 302 0
"GET /aircrafts/ HTTP/1.1" 200 10070398
"POST /aircrafts/4b1816/favorite/ HTTP/1.1" 302 0
"GET /aircrafts/ HTTP/1.1" 200 10109657
"GET /aircrafts/ HTTP/1.1" 200 10103978
"POST /aircrafts/ac96b4/favorite/ HTTP/1.1" 302 0
"GET /aircrafts/ HTTP/1.1" 200 10048394
"GET /aircrafts/?icao24=a3b87f&country=&min_latitude=&max_latitude=&min_longitude=&max_longitude= HTTP/1.1" 200 6208
"GET /aircrafts/?icao24=&country=United+States&min_latitude=&max_latitude=&min_longitude=&max_longitude= HTTP/1.1" 200 5546183
"GET /aircrafts/ HTTP/1.1" 200 9982467
"GET /aircrafts/?icao24=4b1816&country=&min_latitude=&max_latitude=&min_longitude=&max_longitude= HTTP/1.1" 200 6190
"GET /aircrafts/ HTTP/1.1" 200 10008921
"GET /aircrafts/ HTTP/1.1" 200 10023238
"GET /aircrafts/ HTTP/1.1" 200 10184809
"GET /static/css/styles.css HTTP/1.1" 200 4125
Not Found: /favicon.ico
"GET /favicon.ico HTTP/1.1" 404 4099
"GET /trajectory/?icao24=ac96b4&start_time=2024-09-12T13%3A10&end_time=2024-09-12T15%3A00 HTTP/1.1" 200 1385
"GET /aircrafts/?icao24=&country=Chile&min_latitude=&max_latitude=&min_longitude=&max_longitude= HTTP/1.1" 200 33411
"GET /aircrafts/?icao24=e8023b&country=&min_latitude=&max_latitude=&min_longitude=&max_longitude= HTTP/1.1" 200 6194
"GET /aircrafts/ HTTP/1.1" 200 10326864
"GET /aircrafts/?icao24=None&country=&min_latitude=3.0&max_latitude=&min_longitude=-75.0&max_longitude= HTTP/1.1" 200 5461
"GET /aircrafts/ HTTP/1.1" 200 10310017
"GET /trajectory/?icao24=4b180c&start_time=2024-09-12T07%3A34&end_time=2024-09-12T17%3A45 HTTP/1.1" 200 2502
Watching for file changes with StatReloader
"GET / HTTP/1.1" 302 0
"GET /aircrafts/ HTTP/1.1" 200 10198627
"GET /trajectory/?icao24=4b180c&start_time=2024-09-12T07%3A45&end_time=2024-09-12T17%3A45 HTTP/1.1" 200 2502
"POST /aircrafts/4b1816/favorite/ HTTP/1.1" 302 0
"GET /aircrafts/ HTTP/1.1" 200 10203607
"POST /aircrafts/ac96b4/favorite/ HTTP/1.1" 302 0
"GET /aircrafts/ HTTP/1.1" 200 10208908
"GET /aircrafts/ HTTP/1.1" 200 10301929
"GET /static/css/styles.css HTTP/1.1" 200 4125
Not Found: /favicon.ico
"GET /favicon.ico HTTP/1.1" 404 4099
